2013/03/30 14:45:21 [error] [exception.CException] exception 'CException' with message 'Property "Users.username" is not defined.' in Z:\home\social.ru\www\social-pooh\yii\framework\base\CComponent.php:130
Stack trace:
#0 Z:\home\social.ru\www\social-pooh\yii\framework\db\ar\CActiveRecord.php(143): CComponent->__get('username')
#1 Z:\home\social.ru\www\social-pooh\yii\framework\web\helpers\CHtml.php(2255): CActiveRecord->__get('username')
#2 Z:\home\social.ru\www\social-pooh\yii\framework\web\helpers\CHtml.php(1980): CHtml::resolveValue(Object(Users), 'username')
#3 Z:\home\social.ru\www\social-pooh\yii\framework\web\helpers\CHtml.php(1257): CHtml::activeInputField('text', Object(Users), 'username', Array)
#4 Z:\home\social.ru\www\social-pooh\yii\framework\web\widgets\CActiveForm.php(657): CHtml::activeTextField(Object(Users), 'username', Array)
#5 Z:\home\social.ru\www\social-pooh\protected\views\site\login.php(29): CActiveForm->textField(Object(Users), 'username')
#6 Z:\home\social.ru\www\social-pooh\yii\framework\web\CBaseController.php(126): require('Z:\home\social....')
#7 Z:\home\social.ru\www\social-pooh\yii\framework\web\CBaseController.php(95): CBaseController->renderInternal('Z:\home\social....', Array, true)
#8 Z:\home\social.ru\www\social-pooh\yii\framework\web\CController.php(869): CBaseController->renderFile('Z:\home\social....', Array, true)
#9 Z:\home\social.ru\www\social-pooh\yii\framework\web\CController.php(782): CController->renderPartial('login', Array, true)
#10 Z:\home\social.ru\www\social-pooh\protected\controllers\SiteController.php(76): CController->render('login', Array)
#11 Z:\home\social.ru\www\social-pooh\yii\framework\web\actions\CInlineAction.php(49): SiteController->actionLogin()
#12 Z:\home\social.ru\www\social-pooh\yii\framework\web\CController.php(308): CInlineAction->runWithParams(Array)
#13 Z:\home\social.ru\www\social-pooh\yii\framework\web\CController.php(286): CController->runAction(Object(CInlineAction))
#14 Z:\home\social.ru\www\social-pooh\yii\framework\web\CController.php(265): CController->runActionWithFilters(Object(CInlineAction), Array)
#15 Z:\home\social.ru\www\social-pooh\yii\framework\web\CWebApplication.php(282): CController->run('login')
#16 Z:\home\social.ru\www\social-pooh\yii\framework\web\CWebApplication.php(141): CWebApplication->runController('site/login')
#17 Z:\home\social.ru\www\social-pooh\yii\framework\base\CApplication.php(169): CWebApplication->processRequest()
#18 Z:\home\social.ru\www\social-pooh\index.php(13): CApplication->run()
#19 {main}
REQUEST_URI=/social-pooh/site/login
HTTP_REFERER=http://social.ru/social-pooh/site/contact
---
2013/03/30 14:58:33 [error] [php] Missing argument 1 for CUserIdentity::__construct(), called in Z:\home\social.ru\www\social-pooh\protected\controllers\SiteController.php on line 61 and defined (Z:\home\social.ru\www\social-pooh\yii\framework\web\auth\CUserIdentity.php:43)
Stack trace:
#0 Z:\home\social.ru\www\social-pooh\yii\framework\web\CController.php(308): CInlineAction->runWithParams()
#1 Z:\home\social.ru\www\social-pooh\yii\framework\web\CController.php(286): SiteController->runAction()
#2 Z:\home\social.ru\www\social-pooh\yii\framework\web\CController.php(265): SiteController->runActionWithFilters()
#3 Z:\home\social.ru\www\social-pooh\yii\framework\web\CWebApplication.php(282): SiteController->run()
#4 Z:\home\social.ru\www\social-pooh\yii\framework\web\CWebApplication.php(141): CWebApplication->runController()
#5 Z:\home\social.ru\www\social-pooh\yii\framework\base\CApplication.php(169): CWebApplication->processRequest()
#6 Z:\home\social.ru\www\social-pooh\index.php(13): CWebApplication->run()
REQUEST_URI=/social-pooh/site/login
in Z:\home\social.ru\www\social-pooh\protected\controllers\SiteController.php (61)
in Z:\home\social.ru\www\social-pooh\index.php (13)
2013/03/30 14:58:58 [error] [php] Missing argument 1 for CUserIdentity::__construct(), called in Z:\home\social.ru\www\social-pooh\protected\controllers\SiteController.php on line 61 and defined (Z:\home\social.ru\www\social-pooh\yii\framework\web\auth\CUserIdentity.php:43)
Stack trace:
#0 Z:\home\social.ru\www\social-pooh\yii\framework\web\CController.php(308): CInlineAction->runWithParams()
#1 Z:\home\social.ru\www\social-pooh\yii\framework\web\CController.php(286): SiteController->runAction()
#2 Z:\home\social.ru\www\social-pooh\yii\framework\web\CController.php(265): SiteController->runActionWithFilters()
#3 Z:\home\social.ru\www\social-pooh\yii\framework\web\CWebApplication.php(282): SiteController->run()
#4 Z:\home\social.ru\www\social-pooh\yii\framework\web\CWebApplication.php(141): CWebApplication->runController()
#5 Z:\home\social.ru\www\social-pooh\yii\framework\base\CApplication.php(169): CWebApplication->processRequest()
#6 Z:\home\social.ru\www\social-pooh\index.php(13): CWebApplication->run()
REQUEST_URI=/social-pooh/site/login
in Z:\home\social.ru\www\social-pooh\protected\controllers\SiteController.php (61)
in Z:\home\social.ru\www\social-pooh\index.php (13)
2013/03/30 14:58:58 [error] [php] Missing argument 1 for CUserIdentity::__construct(), called in Z:\home\social.ru\www\social-pooh\protected\controllers\SiteController.php on line 61 and defined (Z:\home\social.ru\www\social-pooh\yii\framework\web\auth\CUserIdentity.php:43)
Stack trace:
#0 Z:\home\social.ru\www\social-pooh\yii\framework\web\CController.php(308): CInlineAction->runWithParams()
#1 Z:\home\social.ru\www\social-pooh\yii\framework\web\CController.php(286): SiteController->runAction()
#2 Z:\home\social.ru\www\social-pooh\yii\framework\web\CController.php(265): SiteController->runActionWithFilters()
#3 Z:\home\social.ru\www\social-pooh\yii\framework\web\CWebApplication.php(282): SiteController->run()
#4 Z:\home\social.ru\www\social-pooh\yii\framework\web\CWebApplication.php(141): CWebApplication->runController()
#5 Z:\home\social.ru\www\social-pooh\yii\framework\base\CApplication.php(169): CWebApplication->processRequest()
#6 Z:\home\social.ru\www\social-pooh\index.php(13): CWebApplication->run()
REQUEST_URI=/social-pooh/site/login
in Z:\home\social.ru\www\social-pooh\protected\controllers\SiteController.php (61)
in Z:\home\social.ru\www\social-pooh\index.php (13)
2013/03/30 14:59:05 [error] [php] Missing argument 1 for CUserIdentity::__construct(), called in Z:\home\social.ru\www\social-pooh\protected\controllers\SiteController.php on line 61 and defined (Z:\home\social.ru\www\social-pooh\yii\framework\web\auth\CUserIdentity.php:43)
Stack trace:
#0 Z:\home\social.ru\www\social-pooh\yii\framework\web\CController.php(308): CInlineAction->runWithParams()
#1 Z:\home\social.ru\www\social-pooh\yii\framework\web\CController.php(286): SiteController->runAction()
#2 Z:\home\social.ru\www\social-pooh\yii\framework\web\CController.php(265): SiteController->runActionWithFilters()
#3 Z:\home\social.ru\www\social-pooh\yii\framework\web\CWebApplication.php(282): SiteController->run()
#4 Z:\home\social.ru\www\social-pooh\yii\framework\web\CWebApplication.php(141): CWebApplication->runController()
#5 Z:\home\social.ru\www\social-pooh\yii\framework\base\CApplication.php(169): CWebApplication->processRequest()
#6 Z:\home\social.ru\www\social-pooh\index.php(13): CWebApplication->run()
REQUEST_URI=/social-pooh/site/login
in Z:\home\social.ru\www\social-pooh\protected\controllers\SiteController.php (61)
in Z:\home\social.ru\www\social-pooh\index.php (13)
2013/03/30 14:59:35 [error] [php] Missing argument 1 for CUserIdentity::__construct(), called in Z:\home\social.ru\www\social-pooh\protected\controllers\SiteController.php on line 61 and defined (Z:\home\social.ru\www\social-pooh\yii\framework\web\auth\CUserIdentity.php:43)
Stack trace:
#0 Z:\home\social.ru\www\social-pooh\yii\framework\web\CController.php(308): CInlineAction->runWithParams()
#1 Z:\home\social.ru\www\social-pooh\yii\framework\web\CController.php(286): SiteController->runAction()
#2 Z:\home\social.ru\www\social-pooh\yii\framework\web\CController.php(265): SiteController->runActionWithFilters()
#3 Z:\home\social.ru\www\social-pooh\yii\framework\web\CWebApplication.php(282): SiteController->run()
#4 Z:\home\social.ru\www\social-pooh\yii\framework\web\CWebApplication.php(141): CWebApplication->runController()
#5 Z:\home\social.ru\www\social-pooh\yii\framework\base\CApplication.php(169): CWebApplication->processRequest()
#6 Z:\home\social.ru\www\social-pooh\index.php(13): CWebApplication->run()
REQUEST_URI=/social-pooh/site/login
in Z:\home\social.ru\www\social-pooh\protected\controllers\SiteController.php (61)
in Z:\home\social.ru\www\social-pooh\index.php (13)
2013/03/30 15:01:36 [error] [php] session_regenerate_id() [<a href='function.session-regenerate-id'>function.session-regenerate-id</a>]: Cannot regenerate session id - headers already sent (Z:\home\social.ru\www\social-pooh\yii\framework\web\CHttpSession.php:185)
Stack trace:
#0 Z:\home\social.ru\www\social-pooh\yii\framework\web\auth\CWebUser.php(227): CWebUser->changeIdentity()
#1 Z:\home\social.ru\www\social-pooh\protected\controllers\SiteController.php(64): CWebUser->login()
#2 Z:\home\social.ru\www\social-pooh\yii\framework\web\actions\CInlineAction.php(49): SiteController->actionLogin()
#3 Z:\home\social.ru\www\social-pooh\yii\framework\web\CController.php(308): CInlineAction->runWithParams()
#4 Z:\home\social.ru\www\social-pooh\yii\framework\web\CController.php(286): SiteController->runAction()
#5 Z:\home\social.ru\www\social-pooh\yii\framework\web\CController.php(265): SiteController->runActionWithFilters()
#6 Z:\home\social.ru\www\social-pooh\yii\framework\web\CWebApplication.php(282): SiteController->run()
#7 Z:\home\social.ru\www\social-pooh\yii\framework\web\CWebApplication.php(141): CWebApplication->runController()
#8 Z:\home\social.ru\www\social-pooh\yii\framework\base\CApplication.php(169): CWebApplication->processRequest()
#9 Z:\home\social.ru\www\social-pooh\index.php(13): CWebApplication->run()
REQUEST_URI=/social-pooh/site/login
in Z:\home\social.ru\www\social-pooh\protected\controllers\SiteController.php (64)
in Z:\home\social.ru\www\social-pooh\index.php (13)
2013/03/30 15:09:18 [error] [exception.CException] exception 'CException' with message 'Property "Users._identity" is not defined.' in Z:\home\social.ru\www\social-pooh\yii\framework\base\CComponent.php:130
Stack trace:
#0 Z:\home\social.ru\www\social-pooh\yii\framework\db\ar\CActiveRecord.php(143): CComponent->__get('_identity')
#1 Z:\home\social.ru\www\social-pooh\protected\models\Users.php(77): CActiveRecord->__get('_identity')
#2 Z:\home\social.ru\www\social-pooh\protected\controllers\SiteController.php(89): Users->login()
#3 Z:\home\social.ru\www\social-pooh\yii\framework\web\actions\CInlineAction.php(49): SiteController->actionLogin()
#4 Z:\home\social.ru\www\social-pooh\yii\framework\web\CController.php(308): CInlineAction->runWithParams(Array)
#5 Z:\home\social.ru\www\social-pooh\yii\framework\web\CController.php(286): CController->runAction(Object(CInlineAction))
#6 Z:\home\social.ru\www\social-pooh\yii\framework\web\CController.php(265): CController->runActionWithFilters(Object(CInlineAction), Array)
#7 Z:\home\social.ru\www\social-pooh\yii\framework\web\CWebApplication.php(282): CController->run('login')
#8 Z:\home\social.ru\www\social-pooh\yii\framework\web\CWebApplication.php(141): CWebApplication->runController('site/login')
#9 Z:\home\social.ru\www\social-pooh\yii\framework\base\CApplication.php(169): CWebApplication->processRequest()
#10 Z:\home\social.ru\www\social-pooh\index.php(13): CApplication->run()
#11 {main}
REQUEST_URI=/social-pooh/site/login
HTTP_REFERER=http://social.ru/social-pooh/site/login
---
2013/03/30 15:10:29 [error] [exception.CException] exception 'CException' with message 'Property "UserIdentity.login" is not defined.' in Z:\home\social.ru\www\social-pooh\yii\framework\base\CComponent.php:130
Stack trace:
#0 Z:\home\social.ru\www\social-pooh\protected\components\UserIdentity.php(6): CComponent->__get('login')
#1 Z:\home\social.ru\www\social-pooh\protected\models\Users.php(76): UserIdentity->authenticate()
#2 Z:\home\social.ru\www\social-pooh\protected\controllers\SiteController.php(89): Users->login()
#3 Z:\home\social.ru\www\social-pooh\yii\framework\web\actions\CInlineAction.php(49): SiteController->actionLogin()
#4 Z:\home\social.ru\www\social-pooh\yii\framework\web\CController.php(308): CInlineAction->runWithParams(Array)
#5 Z:\home\social.ru\www\social-pooh\yii\framework\web\CController.php(286): CController->runAction(Object(CInlineAction))
#6 Z:\home\social.ru\www\social-pooh\yii\framework\web\CController.php(265): CController->runActionWithFilters(Object(CInlineAction), Array)
#7 Z:\home\social.ru\www\social-pooh\yii\framework\web\CWebApplication.php(282): CController->run('login')
#8 Z:\home\social.ru\www\social-pooh\yii\framework\web\CWebApplication.php(141): CWebApplication->runController('site/login')
#9 Z:\home\social.ru\www\social-pooh\yii\framework\base\CApplication.php(169): CWebApplication->processRequest()
#10 Z:\home\social.ru\www\social-pooh\index.php(13): CApplication->run()
#11 {main}
REQUEST_URI=/social-pooh/site/login
HTTP_REFERER=http://social.ru/social-pooh/site/login
---
2013/03/30 16:54:22 [error] [exception.CException] exception 'CException' with message 'Property "Users.test" is not defined.' in Z:\home\social.ru\www\social-pooh\yii\framework\base\CComponent.php:130
Stack trace:
#0 Z:\home\social.ru\www\social-pooh\yii\framework\db\ar\CActiveRecord.php(143): CComponent->__get('test')
#1 Z:\home\social.ru\www\social-pooh\yii\framework\base\CModel.php(595): CActiveRecord->__get('test')
#2 Z:\home\social.ru\www\social-pooh\protected\components\UserIdentity.php(10): CModel->offsetGet('test')
#3 Z:\home\social.ru\www\social-pooh\protected\models\Users.php(76): UserIdentity->authenticate()
#4 Z:\home\social.ru\www\social-pooh\protected\controllers\SiteController.php(89): Users->login()
#5 Z:\home\social.ru\www\social-pooh\yii\framework\web\actions\CInlineAction.php(49): SiteController->actionLogin()
#6 Z:\home\social.ru\www\social-pooh\yii\framework\web\CController.php(308): CInlineAction->runWithParams(Array)
#7 Z:\home\social.ru\www\social-pooh\yii\framework\web\CController.php(286): CController->runAction(Object(CInlineAction))
#8 Z:\home\social.ru\www\social-pooh\yii\framework\web\CController.php(265): CController->runActionWithFilters(Object(CInlineAction), Array)
#9 Z:\home\social.ru\www\social-pooh\yii\framework\web\CWebApplication.php(282): CController->run('login')
#10 Z:\home\social.ru\www\social-pooh\yii\framework\web\CWebApplication.php(141): CWebApplication->runController('site/login')
#11 Z:\home\social.ru\www\social-pooh\yii\framework\base\CApplication.php(169): CWebApplication->processRequest()
#12 Z:\home\social.ru\www\social-pooh\index.php(13): CApplication->run()
#13 {main}
REQUEST_URI=/social-pooh/site/login
HTTP_REFERER=http://social.ru/social-pooh/site/login
---
2013/03/30 17:02:03 [error] [exception.CException] exception 'CException' with message 'Property "Users.test" is not defined.' in Z:\home\social.ru\www\social-pooh\yii\framework\base\CComponent.php:130
Stack trace:
#0 Z:\home\social.ru\www\social-pooh\yii\framework\db\ar\CActiveRecord.php(143): CComponent->__get('test')
#1 Z:\home\social.ru\www\social-pooh\yii\framework\base\CModel.php(595): CActiveRecord->__get('test')
#2 Z:\home\social.ru\www\social-pooh\protected\components\UserIdentity.php(9): CModel->offsetGet('test')
#3 Z:\home\social.ru\www\social-pooh\protected\controllers\SiteController.php(63): UserIdentity->authenticate()
#4 Z:\home\social.ru\www\social-pooh\yii\framework\web\actions\CInlineAction.php(49): SiteController->actionLogin()
#5 Z:\home\social.ru\www\social-pooh\yii\framework\web\CController.php(308): CInlineAction->runWithParams(Array)
#6 Z:\home\social.ru\www\social-pooh\yii\framework\web\CController.php(286): CController->runAction(Object(CInlineAction))
#7 Z:\home\social.ru\www\social-pooh\yii\framework\web\CController.php(265): CController->runActionWithFilters(Object(CInlineAction), Array)
#8 Z:\home\social.ru\www\social-pooh\yii\framework\web\CWebApplication.php(282): CController->run('login')
#9 Z:\home\social.ru\www\social-pooh\yii\framework\web\CWebApplication.php(141): CWebApplication->runController('site/login')
#10 Z:\home\social.ru\www\social-pooh\yii\framework\base\CApplication.php(169): CWebApplication->processRequest()
#11 Z:\home\social.ru\www\social-pooh\index.php(13): CApplication->run()
#12 {main}
REQUEST_URI=/social-pooh/site/login
HTTP_REFERER=http://social.ru/social-pooh/site/login
---
2013/03/30 17:04:44 [error] [php] session_regenerate_id() [<a href='function.session-regenerate-id'>function.session-regenerate-id</a>]: Cannot regenerate session id - headers already sent (Z:\home\social.ru\www\social-pooh\yii\framework\web\CHttpSession.php:185)
Stack trace:
#0 Z:\home\social.ru\www\social-pooh\yii\framework\web\auth\CWebUser.php(227): CWebUser->changeIdentity()
#1 Z:\home\social.ru\www\social-pooh\protected\controllers\SiteController.php(65): CWebUser->login()
#2 Z:\home\social.ru\www\social-pooh\yii\framework\web\actions\CInlineAction.php(49): SiteController->actionLogin()
#3 Z:\home\social.ru\www\social-pooh\yii\framework\web\CController.php(308): CInlineAction->runWithParams()
#4 Z:\home\social.ru\www\social-pooh\yii\framework\web\CController.php(286): SiteController->runAction()
#5 Z:\home\social.ru\www\social-pooh\yii\framework\web\CController.php(265): SiteController->runActionWithFilters()
#6 Z:\home\social.ru\www\social-pooh\yii\framework\web\CWebApplication.php(282): SiteController->run()
#7 Z:\home\social.ru\www\social-pooh\yii\framework\web\CWebApplication.php(141): CWebApplication->runController()
#8 Z:\home\social.ru\www\social-pooh\yii\framework\base\CApplication.php(169): CWebApplication->processRequest()
#9 Z:\home\social.ru\www\social-pooh\index.php(13): CWebApplication->run()
REQUEST_URI=/social-pooh/site/login
in Z:\home\social.ru\www\social-pooh\protected\controllers\SiteController.php (65)
in Z:\home\social.ru\www\social-pooh\index.php (13)
2013/03/30 17:10:33 [warning] [application] Failed to set unsafe attribute "login" of "UserLogin".
in Z:\home\social.ru\www\social-pooh\protected\controllers\SiteController.php (97)
in Z:\home\social.ru\www\social-pooh\index.php (13)
2013/03/30 17:10:33 [error] [exception.CException] exception 'CException' with message 'Property "UserLogin.username" is not defined.' in Z:\home\social.ru\www\social-pooh\yii\framework\base\CComponent.php:130
Stack trace:
#0 Z:\home\social.ru\www\social-pooh\yii\framework\validators\CRequiredValidator.php(51): CComponent->__get('username')
#1 Z:\home\social.ru\www\social-pooh\yii\framework\validators\CValidator.php(213): CRequiredValidator->validateAttribute(Object(UserLogin), 'username')
#2 Z:\home\social.ru\www\social-pooh\yii\framework\base\CModel.php(159): CValidator->validate(Object(UserLogin), NULL)
#3 Z:\home\social.ru\www\social-pooh\protected\controllers\SiteController.php(98): CModel->validate()
#4 Z:\home\social.ru\www\social-pooh\yii\framework\web\actions\CInlineAction.php(49): SiteController->actionLogin()
#5 Z:\home\social.ru\www\social-pooh\yii\framework\web\CController.php(308): CInlineAction->runWithParams(Array)
#6 Z:\home\social.ru\www\social-pooh\yii\framework\web\CController.php(286): CController->runAction(Object(CInlineAction))
#7 Z:\home\social.ru\www\social-pooh\yii\framework\web\CController.php(265): CController->runActionWithFilters(Object(CInlineAction), Array)
#8 Z:\home\social.ru\www\social-pooh\yii\framework\web\CWebApplication.php(282): CController->run('login')
#9 Z:\home\social.ru\www\social-pooh\yii\framework\web\CWebApplication.php(141): CWebApplication->runController('site/login')
#10 Z:\home\social.ru\www\social-pooh\yii\framework\base\CApplication.php(169): CWebApplication->processRequest()
#11 Z:\home\social.ru\www\social-pooh\index.php(13): CApplication->run()
#12 {main}
REQUEST_URI=/social-pooh/site/login
HTTP_REFERER=http://social.ru/social-pooh/site/login
---
2013/03/30 17:13:11 [error] [exception.CException] exception 'CException' with message 'Property "UserLogin.login" is not defined.' in Z:\home\social.ru\www\social-pooh\yii\framework\base\CComponent.php:130
Stack trace:
#0 Z:\home\social.ru\www\social-pooh\yii\framework\web\helpers\CHtml.php(2255): CComponent->__get('login')
#1 Z:\home\social.ru\www\social-pooh\yii\framework\web\helpers\CHtml.php(1980): CHtml::resolveValue(Object(UserLogin), 'login')
#2 Z:\home\social.ru\www\social-pooh\yii\framework\web\helpers\CHtml.php(1257): CHtml::activeInputField('text', Object(UserLogin), 'login', Array)
#3 Z:\home\social.ru\www\social-pooh\yii\framework\web\widgets\CActiveForm.php(657): CHtml::activeTextField(Object(UserLogin), 'login', Array)
#4 Z:\home\social.ru\www\social-pooh\protected\views\site\login.php(19): CActiveForm->textField(Object(UserLogin), 'login')
#5 Z:\home\social.ru\www\social-pooh\yii\framework\web\CBaseController.php(126): require('Z:\home\social....')
#6 Z:\home\social.ru\www\social-pooh\yii\framework\web\CBaseController.php(95): CBaseController->renderInternal('Z:\home\social....', Array, true)
#7 Z:\home\social.ru\www\social-pooh\yii\framework\web\CController.php(869): CBaseController->renderFile('Z:\home\social....', Array, true)
#8 Z:\home\social.ru\www\social-pooh\yii\framework\web\CController.php(782): CController->renderPartial('login', Array, true)
#9 Z:\home\social.ru\www\social-pooh\protected\controllers\SiteController.php(104): CController->render('login', Array)
#10 Z:\home\social.ru\www\social-pooh\yii\framework\web\actions\CInlineAction.php(49): SiteController->actionLogin()
#11 Z:\home\social.ru\www\social-pooh\yii\framework\web\CController.php(308): CInlineAction->runWithParams(Array)
#12 Z:\home\social.ru\www\social-pooh\yii\framework\web\CController.php(286): CController->runAction(Object(CInlineAction))
#13 Z:\home\social.ru\www\social-pooh\yii\framework\web\CController.php(265): CController->runActionWithFilters(Object(CInlineAction), Array)
#14 Z:\home\social.ru\www\social-pooh\yii\framework\web\CWebApplication.php(282): CController->run('login')
#15 Z:\home\social.ru\www\social-pooh\yii\framework\web\CWebApplication.php(141): CWebApplication->runController('site/login')
#16 Z:\home\social.ru\www\social-pooh\yii\framework\base\CApplication.php(169): CWebApplication->processRequest()
#17 Z:\home\social.ru\www\social-pooh\index.php(13): CApplication->run()
#18 {main}
REQUEST_URI=/social-pooh/site/login
HTTP_REFERER=http://social.ru/social-pooh/site/login
---
2013/03/30 17:14:05 [error] [php] session_regenerate_id() [<a href='function.session-regenerate-id'>function.session-regenerate-id</a>]: Cannot regenerate session id - headers already sent (Z:\home\social.ru\www\social-pooh\yii\framework\web\CHttpSession.php:185)
Stack trace:
#0 Z:\home\social.ru\www\social-pooh\yii\framework\web\auth\CWebUser.php(227): CWebUser->changeIdentity()
#1 Z:\home\social.ru\www\social-pooh\protected\models\UserLogin.php(35): CWebUser->login()
#2 Z:\home\social.ru\www\social-pooh\protected\controllers\SiteController.php(99): UserLogin->login()
#3 Z:\home\social.ru\www\social-pooh\yii\framework\web\actions\CInlineAction.php(49): SiteController->actionLogin()
#4 Z:\home\social.ru\www\social-pooh\yii\framework\web\CController.php(308): CInlineAction->runWithParams()
#5 Z:\home\social.ru\www\social-pooh\yii\framework\web\CController.php(286): SiteController->runAction()
#6 Z:\home\social.ru\www\social-pooh\yii\framework\web\CController.php(265): SiteController->runActionWithFilters()
#7 Z:\home\social.ru\www\social-pooh\yii\framework\web\CWebApplication.php(282): SiteController->run()
#8 Z:\home\social.ru\www\social-pooh\yii\framework\web\CWebApplication.php(141): CWebApplication->runController()
#9 Z:\home\social.ru\www\social-pooh\yii\framework\base\CApplication.php(169): CWebApplication->processRequest()
#10 Z:\home\social.ru\www\social-pooh\index.php(13): CWebApplication->run()
REQUEST_URI=/social-pooh/site/login
in Z:\home\social.ru\www\social-pooh\protected\models\UserLogin.php (35)
in Z:\home\social.ru\www\social-pooh\protected\controllers\SiteController.php (99)
in Z:\home\social.ru\www\social-pooh\index.php (13)
2013/03/30 17:14:59 [error] [php] session_regenerate_id() [<a href='function.session-regenerate-id'>function.session-regenerate-id</a>]: Cannot regenerate session id - headers already sent (Z:\home\social.ru\www\social-pooh\yii\framework\web\CHttpSession.php:185)
Stack trace:
#0 Z:\home\social.ru\www\social-pooh\yii\framework\web\auth\CWebUser.php(227): CWebUser->changeIdentity()
#1 Z:\home\social.ru\www\social-pooh\protected\models\UserLogin.php(35): CWebUser->login()
#2 Z:\home\social.ru\www\social-pooh\protected\controllers\SiteController.php(99): UserLogin->login()
#3 Z:\home\social.ru\www\social-pooh\yii\framework\web\actions\CInlineAction.php(49): SiteController->actionLogin()
#4 Z:\home\social.ru\www\social-pooh\yii\framework\web\CController.php(308): CInlineAction->runWithParams()
#5 Z:\home\social.ru\www\social-pooh\yii\framework\web\CController.php(286): SiteController->runAction()
#6 Z:\home\social.ru\www\social-pooh\yii\framework\web\CController.php(265): SiteController->runActionWithFilters()
#7 Z:\home\social.ru\www\social-pooh\yii\framework\web\CWebApplication.php(282): SiteController->run()
#8 Z:\home\social.ru\www\social-pooh\yii\framework\web\CWebApplication.php(141): CWebApplication->runController()
#9 Z:\home\social.ru\www\social-pooh\yii\framework\base\CApplication.php(169): CWebApplication->processRequest()
#10 Z:\home\social.ru\www\social-pooh\index.php(13): CWebApplication->run()
REQUEST_URI=/social-pooh/site/login
in Z:\home\social.ru\www\social-pooh\protected\models\UserLogin.php (35)
in Z:\home\social.ru\www\social-pooh\protected\controllers\SiteController.php (99)
in Z:\home\social.ru\www\social-pooh\index.php (13)
2013/03/30 17:15:34 [error] [php] session_regenerate_id() [<a href='function.session-regenerate-id'>function.session-regenerate-id</a>]: Cannot regenerate session id - headers already sent (Z:\home\social.ru\www\social-pooh\yii\framework\web\CHttpSession.php:185)
Stack trace:
#0 Z:\home\social.ru\www\social-pooh\yii\framework\web\auth\CWebUser.php(227): CWebUser->changeIdentity()
#1 Z:\home\social.ru\www\social-pooh\protected\models\UserLogin.php(36): CWebUser->login()
#2 Z:\home\social.ru\www\social-pooh\protected\controllers\SiteController.php(98): UserLogin->login()
#3 Z:\home\social.ru\www\social-pooh\yii\framework\web\actions\CInlineAction.php(49): SiteController->actionLogin()
#4 Z:\home\social.ru\www\social-pooh\yii\framework\web\CController.php(308): CInlineAction->runWithParams()
#5 Z:\home\social.ru\www\social-pooh\yii\framework\web\CController.php(286): SiteController->runAction()
#6 Z:\home\social.ru\www\social-pooh\yii\framework\web\CController.php(265): SiteController->runActionWithFilters()
#7 Z:\home\social.ru\www\social-pooh\yii\framework\web\CWebApplication.php(282): SiteController->run()
#8 Z:\home\social.ru\www\social-pooh\yii\framework\web\CWebApplication.php(141): CWebApplication->runController()
#9 Z:\home\social.ru\www\social-pooh\yii\framework\base\CApplication.php(169): CWebApplication->processRequest()
#10 Z:\home\social.ru\www\social-pooh\index.php(13): CWebApplication->run()
REQUEST_URI=/social-pooh/site/login
in Z:\home\social.ru\www\social-pooh\protected\models\UserLogin.php (36)
in Z:\home\social.ru\www\social-pooh\protected\controllers\SiteController.php (98)
in Z:\home\social.ru\www\social-pooh\index.php (13)
2013/03/30 17:29:48 [error] [exception.CException] exception 'CException' with message 'Property "CWebUser._id" is not defined.' in Z:\home\social.ru\www\social-pooh\yii\framework\base\CComponent.php:130
Stack trace:
#0 Z:\home\social.ru\www\social-pooh\yii\framework\web\auth\CWebUser.php(140): CComponent->__get('_id')
#1 Z:\home\social.ru\www\social-pooh\protected\controllers\SiteController.php(21): CWebUser->__get('_id')
#2 Z:\home\social.ru\www\social-pooh\yii\framework\web\actions\CInlineAction.php(49): SiteController->actionIndex()
#3 Z:\home\social.ru\www\social-pooh\yii\framework\web\CController.php(308): CInlineAction->runWithParams(Array)
#4 Z:\home\social.ru\www\social-pooh\yii\framework\web\CController.php(286): CController->runAction(Object(CInlineAction))
#5 Z:\home\social.ru\www\social-pooh\yii\framework\web\CController.php(265): CController->runActionWithFilters(Object(CInlineAction), Array)
#6 Z:\home\social.ru\www\social-pooh\yii\framework\web\CWebApplication.php(282): CController->run('index')
#7 Z:\home\social.ru\www\social-pooh\yii\framework\web\CWebApplication.php(141): CWebApplication->runController('site/index')
#8 Z:\home\social.ru\www\social-pooh\yii\framework\base\CApplication.php(169): CWebApplication->processRequest()
#9 Z:\home\social.ru\www\social-pooh\index.php(13): CApplication->run()
#10 {main}
REQUEST_URI=/social-pooh/site/index
HTTP_REFERER=http://social.ru/social-pooh/
---
